<?xml version="1.0" encoding="UTF-8"?>
<!-- Generated by org.testng.reporters.JUnitReportReporter -->
<testsuite hostname="LAPTOP-NHT7TFNS" failures="0" tests="2" name="IntroductionLog" time="0.425" errors="0" timestamp="2024-01-24T15:22:00 IST" skipped="0">
  <testcase classname="IntroductionLog" name="validLoginTest" time="0.204"/>
  <system-out/>
  <testcase classname="IntroductionLog" name="invalidLoginTest" time="0.221"/>
  <system-out/>
</testsuite> <!-- IntroductionLog -->
